#
# A fatal error has been detected by the Java Runtime Environment:
#
#  SIGILL (0x4) at pc=0x00007ff81a730e96, pid=76381, tid=0x0000000000000103
#
# JRE version: Java(TM) SE Runtime Environment (8.0_251-b08) (build 1.8.0_251-b08)
# Java VM: Java HotSpot(TM) 64-Bit Server VM (25.251-b08 mixed mode bsd-amd64 compressed oops)
# Problematic frame:
# C  [AppKit+0x3a5e96]  -[NSApplication _crashOnException:]+0x11f
#
# Failed to write core dump. Core dumps have been disabled. To enable core dumping, try "ulimit -c unlimited" before starting Java again
#
# If you would like to submit a bug report, please visit:
#   http://bugreport.java.com/bugreport/crash.jsp
# The crash happened outside the Java Virtual Machine in native code.
# See problematic frame for where to report the bug.
#

---------------  T H R E A D  ---------------

Current thread (0x00007ff031b3b000):  JavaThread "AppKit Thread" daemon [_thread_in_native, id=259, stack(0x000000030445f000,0x0000000304c5f000)]

siginfo: si_signo: 4 (SIGILL), si_code: 1 (ILL_ILLOPC), si_addr: 0x00007ff81a730e96

Registers:
RAX=0x00007ff0306f2800, RBX=0x00007ff816efb1c0, RCX=0xe785bd5fafa000a0, RDX=0x0000000000000eac
RSP=0x0000000304c588b0, RBP=0x0000000304c588e0, RSI=0x0000000304c58450, RDI=0x0000600001021c80
R8 =0x0000000008000101, R9 =0x0000000000000000, R10=0x3030303030303078, R11=0x0000000000000000
R12=0x00007ff08780b070, R13=0x0000600002fc2c60, R14=0x0000600001027e40, R15=0x00007ff83508bd51
RIP=0x00007ff81a730e96, EFLAGS=0x0000000000000202, ERR=0x0000000000000000
  TRAPNO=0x0000000000000006

Top of Stack: (sp=0x0000000304c588b0)
0x0000000304c588b0:   0104f12008420102 0000000000006000
0x0000000304c588c0:   ffffffffffffffe5 0000600002fd41a0
0x0000000304c588d0:   0000600000b04300 0000600002fc2c60
0x0000000304c588e0:   0000000304c58a20 00007ff81a527d1b
0x0000000304c588f0:   0000000304c58978 0000000304c58920
0x0000000304c58900:   0000000304c58960 0000000304c58980
0x0000000304c58910:   0000000304c58950 00007ff816f1b9f6
0x0000000304c58920:   00007ff08883b6b0 0000000304c58960
0x0000000304c58930:   ffff9ffffefd83d0 0000000000000000
0x0000000304c58940:   00007ff85a8cfb70 0000600002be4300
0x0000000304c58950:   ffff9ffffefd83d0 0000000000000f40
0x0000000304c58960:   00007ff85a8cde48 00007ff85a8ccf00
0x0000000304c58970:   00007ff85a8cde40 0000600001027c30
0x0000000304c58980:   0000000304c589d0 00007ff816efdf08
0x0000000304c58990:   ffff9ffffefd83d0 00007ff0889a2c60
0x0000000304c589a0:   00007ff85a8cde40 0000600001027c30
0x0000000304c589b0:   ffff9ffffefd8520 0000000000000000
0x0000000304c589c0:   00007ff85a8cfb70 0000600002be4300
0x0000000304c589d0:   ffff9ffffefd8520 00000000000004c0
0x0000000304c589e0:   00007ff85a8cd3c8 00007ff85a8ccf00
0x0000000304c589f0:   e785bd5fafa000a0 0000600001053e70
0x0000000304c58a00:   00007ff08780b070 0000600002fc2c60
0x0000000304c58a10:   0000000000000002 0000600002fc2c60
0x0000000304c58a20:   0000000304c58a50 00007ff81ad3f9df
0x0000000304c58a30:   0000600001053e70 00007ff8173438ad
0x0000000304c58a40:   0000000000000002 0000000000000000
0x0000000304c58a50:   0000000304c58a60 00007ff8173433f1
0x0000000304c58a60:   0000000304c58b30 00007ff817343319
0x0000000304c58a70:   0000600002fc2c60 00007ff817264c80
0x0000000304c58a80:   00007ff8172c9037 0000000000000028
0x0000000304c58a90:   00007ff85a8e19e8 00007ff8173431ce
0x0000000304c58aa0:   00006000010e56b0 0000000500002d8a 

Instructions: (pc=0x00007ff81a730e96)
0x00007ff81a730e76:   48 89 c7 ff 15 99 64 5e 3e 48 8b 35 ea 48 be 3c
0x00007ff81a730e86:   48 89 c7 ff 15 89 64 5e 3e 48 89 05 da ce 72 3e
0x00007ff81a730e96:   0f 0b 48 89 c7 e8 30 91 91 00 31 ff 31 f6 31 c0
0x00007ff81a730ea6:   e8 af c4 e3 ff e8 50 91 91 00 0f 0b 48 89 c3 e8 

Register to memory mapping:

RAX=0x00007ff0306f2800 is an unknown value
RBX=0x00007ff816efb1c0: objc_msgSend+0 in /usr/lib/libobjc.A.dylib at 0x00007ff816ef4000
RCX=0xe785bd5fafa000a0 is an unknown value
RDX=0x0000000000000eac is an unknown value
RSP=0x0000000304c588b0 is pointing into the stack for thread: 0x00007ff031b3b000
RBP=0x0000000304c588e0 is pointing into the stack for thread: 0x00007ff031b3b000
RSI=0x0000000304c58450 is pointing into the stack for thread: 0x00007ff031b3b000
RDI=0x0000600001021c80 is an unknown value
R8 =0x0000000008000101 is an unknown value
R9 =0x0000000000000000 is an unknown value
R10=0x3030303030303078 is an unknown value
R11=0x0000000000000000 is an unknown value
R12=0x00007ff08780b070 is an unknown value
R13=0x0000600002fc2c60 is an unknown value
R14=0x0000600001027e40 is an unknown value
R15=0x00007ff83508bd51 is an unknown value


Stack: [0x000000030445f000,0x0000000304c5f000],  sp=0x0000000304c588b0,  free space=8166k
Native frames: (J=compiled Java code, j=interpreted, Vv=VM code, C=native code)
C  [AppKit+0x3a5e96]  -[NSApplication _crashOnException:]+0x11f
C  [AppKit+0x19cd1b]  __62+[CATransaction(NSCATransaction) NS_setFlushesWithDisplayLink]_block_invoke+0x359
C  [AppKit+0x9b49df]  ___NSRunLoopObserverCreateWithHandler_block_invoke+0x29
C  [CoreFoundation+0x7e3f1]  __CFRUNLOOP_IS_CALLING_OUT_TO_AN_OBSERVER_CALLBACK_FUNCTION__+0x17
C  [CoreFoundation+0x7e319]  __CFRunLoopDoObservers+0x1e2
C  [CoreFoundation+0x7d876]  __CFRunLoopRun+0x36d
C  [CoreFoundation+0x7ce8f]  CFRunLoopRunSpecific+0x230
C  [HIToolbox+0x2f766]  RunCurrentEventLoopInMode+0x124
C  [HIToolbox+0x2f576]  ReceiveNextEventCommon+0x2a7
C  [HIToolbox+0x2f2b3]  _BlockUntilNextEventMatchingListInModeWithFilter+0x46
C  [AppKit+0x3df33]  _DPSNextEvent+0x38d
C  [AppKit+0x3cdb4]  -[NSApplication(NSEvent) _nextEventMatchingEventMask:untilDate:inMode:dequeue:]+0x4c3
C  [libosxapp.dylib+0x2328]  -[NSApplicationAWT nextEventMatchingMask:untilDate:inMode:dequeue:]+0x7c
C  [AppKit+0x2f3f7]  -[NSApplication run]+0x24a
C  [libosxapp.dylib+0x1f72]  +[NSApplicationAWT runAWTLoopWithApp:]+0x9c
C  [libawt_lwawt.dylib+0x4803b]  -[AWTStarter starter:]+0x389
C  [Foundation+0x7f420]  __NSThreadPerformPerform+0xb1
C  [CoreFoundation+0x7eee1]  __CFRUNLOOP_IS_CALLING_OUT_TO_A_SOURCE0_PERFORM_FUNCTION__+0x11
C  [CoreFoundation+0x7ee90]  __CFRunLoopDoSource0+0x9d
C  [CoreFoundation+0x7ec5e]  __CFRunLoopDoSources0+0xd4
C  [CoreFoundation+0x7d8b8]  __CFRunLoopRun+0x3af
C  [CoreFoundation+0x7ce8f]  CFRunLoopRunSpecific+0x230
C  [java+0x646e]  CreateExecutionEnvironment+0x367
C  [java+0x203c]  JLI_Launch+0x7a0
C  [java+0x84cb]  main+0x65
C  [java+0x1894]  start+0x34
C  0x0000000000000039


---------------  P R O C E S S  ---------------

Java Threads: ( => current thread )
  0x00007ff0306d9800 JavaThread "Timer hack thread" daemon [_thread_blocked, id=46499, stack(0x0000000306e53000,0x0000000306f53000)]
  0x00007ff03156f000 JavaThread "AWT-Shutdown" [_thread_blocked, id=130771, stack(0x000000030652b000,0x000000030662b000)]
  0x00007ff089453800 JavaThread "Snooper Timer" daemon [_thread_blocked, id=77191, stack(0x0000000307282000,0x0000000307382000)]
=>0x00007ff031b3b000 JavaThread "AppKit Thread" daemon [_thread_in_native, id=259, stack(0x000000030445f000,0x0000000304c5f000)]
  0x00007ff0890c7800 JavaThread "Service Thread" daemon [_thread_blocked, id=24327, stack(0x0000000306c4d000,0x0000000306d4d000)]
  0x00007ff0890a7000 JavaThread "C1 CompilerThread3" daemon [_thread_blocked, id=24067, stack(0x0000000306b4a000,0x0000000306c4a000)]
  0x00007ff0890a6000 JavaThread "C2 CompilerThread2" daemon [_thread_blocked, id=27139, stack(0x0000000306a47000,0x0000000306b47000)]
  0x00007ff0890a5800 JavaThread "C2 CompilerThread1" daemon [_thread_blocked, id=27651, stack(0x0000000306944000,0x0000000306a44000)]
  0x00007ff0890a4800 JavaThread "C2 CompilerThread0" daemon [_thread_blocked, id=23811, stack(0x0000000306841000,0x0000000306941000)]
  0x00007ff0890a3800 JavaThread "Signal Dispatcher" daemon [_thread_blocked, id=28419, stack(0x000000030673e000,0x000000030683e000)]
  0x00007ff0890a2800 JavaThread "Surrogate Locker Thread (Concurrent GC)" daemon [_thread_blocked, id=28959, stack(0x000000030663b000,0x000000030673b000)]
  0x00007ff088020800 JavaThread "Finalizer" daemon [_thread_blocked, id=31515, stack(0x0000000306428000,0x0000000306528000)]
  0x00007ff08801f800 JavaThread "Reference Handler" daemon [_thread_blocked, id=32291, stack(0x0000000306325000,0x0000000306425000)]
  0x00007ff089012800 JavaThread "Client thread" [_thread_in_vm, id=5379, stack(0x0000000304ce3000,0x0000000304de3000)]

Other Threads:
  0x00007ff089062000 VMThread [stack: 0x0000000306222000,0x0000000306322000] [id=32515]
  0x00007ff088024800 WatcherThread [stack: 0x0000000306d50000,0x0000000306e50000] [id=25863]

VM state:not at safepoint (normal execution)

VM Mutex/Monitor currently owned by a thread: None

heap address: 0x0000000640000000, size: 6144 MB, Compressed Oops mode: Zero based, Oop shift amount: 3
Narrow klass base: 0x0000000000000000, Narrow klass shift: 3
Compressed class space size: 1073741824 Address: 0x00000007c0000000

Heap:
 garbage-first heap   total 262144K, used 130532K [0x0000000640000000, 0x0000000642000040, 0x00000007c0000000)
  region size 32768K, 2 young (65536K), 1 survivors (32768K)
 Metaspace       used 42036K, capacity 42809K, committed 43212K, reserved 1087488K
  class space    used 5509K, capacity 5733K, committed 5836K, reserved 1048576K

Heap Regions: (Y=young(eden), SU=young(survivor), HS=humongous(starts), HC=humongous(continues), CS=collection set, F=free, TS=gc time stamp, PTAMS=previous top-at-mark-start, NTAMS=next top-at-mark-start)
AC   0  O    TS     0 PTAMS 0x0000000642000000 NTAMS 0x0000000642000000 space 32768K, 100% used [0x0000000640000000, 0x0000000642000000)
AC   0  O    TS     0 PTAMS 0x0000000644000000 NTAMS 0x0000000644000000 space 32768K, 100% used [0x0000000642000000, 0x0000000644000000)
AC   0  O    TS     0 PTAMS 0x0000000646000000 NTAMS 0x0000000646000000 space 32768K, 100% used [0x0000000644000000, 0x0000000646000000)
AC   0  O    TS     0 PTAMS 0x0000000646e20a00 NTAMS 0x0000000646e20a00 space 32768K,  44% used [0x0000000646000000, 0x0000000648000000)
AC   0  F    TS     0 PTAMS 0x0000000648000000 NTAMS 0x0000000648000000 space 32768K,   0% used [0x0000000648000000, 0x000000064a000000)
AC   0  F    TS     0 PTAMS 0x000000064a000000 NTAMS 0x000000064a000000 space 32768K,   0% used [0x000000064a000000, 0x000000064c000000)
AC   0  S CS TS     0 PTAMS 0x000000064c000000 NTAMS 0x000000064c000000 space 32768K,  54% used [0x000000064c000000, 0x000000064e000000)
AC   0  E    TS     0 PTAMS 0x000000064e000000 NTAMS 0x000000064e000000 space 32768K,  23% used [0x000000064e000000, 0x0000000650000000)

Card table byte_map: [0x000000011c08f000,0x000000011cc8f000] byte_map_base: 0x0000000118e8f000

Marking Bits (Prev, Next): (CMBitMap*) 0x00007ff089014888, (CMBitMap*) 0x00007ff0890148e0
 Prev Bits: [0x000000011d88f000, 0x000000012388f000)
 Next Bits: [0x000000012388f000, 0x000000012988f000)

Polling page: 0x0000000108a50000

CodeCache: size=245760Kb used=18089Kb max_used=19072Kb free=227670Kb
 bounds [0x000000010b88f000, 0x000000010cb5f000, 0x000000011a88f000]
 total_blobs=5368 nmethods=4753 adapters=529
 compilation: enabled

Compilation events (10 events):
Event: 20.336 Thread 0x00007ff0890a7000 6373       3       sun.reflect.UnsafeStaticFieldAccessorImpl::<init> (17 bytes)
Event: 20.336 Thread 0x00007ff0890a7000 nmethod 6373 0x000000010be34ad0 code [0x000000010be34c60, 0x000000010be34f18]
Event: 20.336 Thread 0x00007ff0890a7000 6376       3       sun.reflect.UnsafeQualifiedStaticFieldAccessorImpl::<init> (11 bytes)
Event: 20.336 Thread 0x00007ff0890a7000 nmethod 6376 0x000000010bd31110 code [0x000000010bd312a0, 0x000000010bd315b8]
Event: 20.338 Thread 0x00007ff0890a7000 6377       3       sun.reflect.UnsafeQualifiedStaticIntegerFieldAccessorImpl::<init> (7 bytes)
Event: 20.339 Thread 0x00007ff0890a7000 nmethod 6377 0x000000010c0ad3d0 code [0x000000010c0ad560, 0x000000010c0ad8f8]
Event: 20.339 Thread 0x00007ff0890a7000 6378       3       sun.reflect.UnsafeFieldAccessorFactory::newFieldAccessor (676 bytes)
Event: 20.341 Thread 0x00007ff0890a7000 nmethod 6378 0x000000010c7dd8d0 code [0x000000010c7ddf00, 0x000000010c7e1028]
Event: 20.341 Thread 0x00007ff0890a7000 6379       3       sun.reflect.FieldAccessorImpl::<init> (5 bytes)
Event: 20.341 Thread 0x00007ff0890a7000 nmethod 6379 0x000000010c62a110 code [0x000000010c62a280, 0x000000010c62a490]

GC Heap History (10 events):
Event: 19.684 GC heap before
{Heap before GC invocations=91 (full 0):
 garbage-first heap   total 262144K, used 157348K [0x0000000640000000, 0x0000000642000040, 0x00000007c0000000)
  region size 32768K, 2 young (65536K), 1 survivors (32768K)
 Metaspace       used 40244K, capacity 40944K, committed 41420K, reserved 1085440K
  class space    used 5348K, capacity 5565K, committed 5580K, reserved 1048576K
Event: 19.689 GC heap after
Heap after GC invocations=92 (full 0):
 garbage-first heap   total 262144K, used 125921K [0x0000000640000000, 0x0000000642000040, 0x00000007c0000000)
  region size 32768K, 1 young (32768K), 1 survivors (32768K)
 Metaspace       used 40244K, capacity 40944K, committed 41420K, reserved 1085440K
  class space    used 5348K, capacity 5565K, committed 5580K, reserved 1048576K
}
Event: 19.771 GC heap before
{Heap before GC invocations=92 (full 0):
 garbage-first heap   total 262144K, used 158689K [0x0000000640000000, 0x0000000642000040, 0x00000007c0000000)
  region size 32768K, 2 young (65536K), 1 survivors (32768K)
 Metaspace       used 40524K, capacity 41212K, committed 41676K, reserved 1085440K
  class space    used 5374K, capacity 5571K, committed 5580K, reserved 1048576K
Event: 19.780 GC heap after
Heap after GC invocations=93 (full 0):
 garbage-first heap   total 262144K, used 129305K [0x0000000640000000, 0x0000000642000040, 0x00000007c0000000)
  region size 32768K, 1 young (32768K), 1 survivors (32768K)
 Metaspace       used 40524K, capacity 41212K, committed 41676K, reserved 1085440K
  class space    used 5374K, capacity 5571K, committed 5580K, reserved 1048576K
}
Event: 19.934 GC heap before
{Heap before GC invocations=94 (full 0):
 garbage-first heap   total 262144K, used 162073K [0x0000000640000000, 0x0000000642000040, 0x00000007c0000000)
  region size 32768K, 2 young (65536K), 1 survivors (32768K)
 Metaspace       used 40722K, capacity 41436K, committed 41804K, reserved 1085440K
  class space    used 5385K, capacity 5603K, committed 5708K, reserved 1048576K
Event: 19.939 GC heap after
Heap after GC invocations=95 (full 0):
 garbage-first heap   total 262144K, used 126554K [0x0000000640000000, 0x0000000642000040, 0x00000007c0000000)
  region size 32768K, 1 young (32768K), 1 survivors (32768K)
 Metaspace       used 40722K, capacity 41436K, committed 41804K, reserved 1085440K
  class space    used 5385K, capacity 5603K, committed 5708K, reserved 1048576K
}
Event: 20.015 GC heap before
{Heap before GC invocations=95 (full 0):
 garbage-first heap   total 262144K, used 159322K [0x0000000640000000, 0x0000000642000040, 0x00000007c0000000)
  region size 32768K, 2 young (65536K), 1 survivors (32768K)
 Metaspace       used 40865K, capacity 41570K, committed 42060K, reserved 1085440K
  class space    used 5398K, capacity 5604K, committed 5708K, reserved 1048576K
Event: 20.021 GC heap after
Heap after GC invocations=96 (full 0):
 garbage-first heap   total 262144K, used 128092K [0x0000000640000000, 0x0000000642000040, 0x00000007c0000000)
  region size 32768K, 1 young (32768K), 1 survivors (32768K)
 Metaspace       used 40865K, capacity 41570K, committed 42060K, reserved 1085440K
  class space    used 5398K, capacity 5604K, committed 5708K, reserved 1048576K
}
Event: 20.111 GC heap before
{Heap before GC invocations=96 (full 0):
 garbage-first heap   total 262144K, used 160860K [0x0000000640000000, 0x0000000642000040, 0x00000007c0000000)
  region size 32768K, 2 young (65536K), 1 survivors (32768K)
 Metaspace       used 41419K, capacity 42280K, committed 42700K, reserved 1085440K
  class space    used 5468K, capacity 5733K, committed 5836K, reserved 1048576K
Event: 20.116 GC heap after
Heap after GC invocations=97 (full 0):
 garbage-first heap   total 262144K, used 130532K [0x0000000640000000, 0x0000000642000040, 0x00000007c0000000)
  region size 32768K, 1 young (32768K), 1 survivors (32768K)
 Metaspace       used 41419K, capacity 42280K, committed 42700K, reserved 1085440K
  class space    used 5468K, capacity 5733K, committed 5836K, reserved 1048576K
}

Deoptimization events (10 events):
Event: 20.063 Thread 0x00007ff089012800 Uncommon trap: reason=null_check action=none pc=0x000000010c295bfc method=sun.misc.URLClassPath.check(Ljava/net/URL;)V @ 14
Event: 20.065 Thread 0x00007ff089012800 Uncommon trap: reason=null_check action=none pc=0x000000010c295bfc method=sun.misc.URLClassPath.check(Ljava/net/URL;)V @ 14
Event: 20.067 Thread 0x00007ff089012800 Uncommon trap: reason=null_check action=none pc=0x000000010c295bfc method=sun.misc.URLClassPath.check(Ljava/net/URL;)V @ 14
Event: 20.071 Thread 0x00007ff089012800 Uncommon trap: reason=null_check action=none pc=0x000000010c295bfc method=sun.misc.URLClassPath.check(Ljava/net/URL;)V @ 14
Event: 20.073 Thread 0x00007ff089012800 Uncommon trap: reason=unstable_if action=reinterpret pc=0x000000010bd3ea60 method=sun.reflect.misc.ReflectUtil.isNonPublicProxyClass(Ljava/lang/Class;)Z @ 14
Event: 20.090 Thread 0x00007ff089012800 Uncommon trap: reason=unstable_if action=reinterpret pc=0x000000010c0b79c0 method=com.google.common.base.AbstractIterator.next()Ljava/lang/Object; @ 4
Event: 20.137 Thread 0x00007ff089012800 Uncommon trap: reason=null_check action=none pc=0x000000010c295bfc method=sun.misc.URLClassPath.check(Ljava/net/URL;)V @ 14
Event: 20.138 Thread 0x00007ff089012800 Uncommon trap: reason=null_check action=none pc=0x000000010c295bfc method=sun.misc.URLClassPath.check(Ljava/net/URL;)V @ 14
Event: 20.138 Thread 0x00007ff089012800 Uncommon trap: reason=null_check action=none pc=0x000000010c295bfc method=sun.misc.URLClassPath.check(Ljava/net/URL;)V @ 14
Event: 20.138 Thread 0x00007ff089012800 Uncommon trap: reason=null_check action=none pc=0x000000010c295bfc method=sun.misc.URLClassPath.check(Ljava/net/URL;)V @ 14

Classes redefined (0 events):
No events

Internal exceptions (10 events):
Event: 18.588 Thread 0x00007ff089012800 Exception <a 'java/lang/ArrayIndexOutOfBoundsException': 132> (0x000000064e88e400) thrown at [/jenkins/workspace/8-2-build-macosx-x86_64/jdk8u251/737/hotspot/src/share/vm/interpreter/interpreterRuntime.cpp, line 368]
Event: 18.589 Thread 0x00007ff089012800 Exception <a 'java/lang/ArrayIndexOutOfBoundsException': 132> (0x000000064e8ffa48) thrown at [/jenkins/workspace/8-2-build-macosx-x86_64/jdk8u251/737/hotspot/src/share/vm/interpreter/interpreterRuntime.cpp, line 368]
Event: 18.589 Thread 0x00007ff089012800 Exception <a 'java/lang/ArrayIndexOutOfBoundsException': 132> (0x000000064e998348) thrown at [/jenkins/workspace/8-2-build-macosx-x86_64/jdk8u251/737/hotspot/src/share/vm/interpreter/interpreterRuntime.cpp, line 368]
Event: 18.590 Thread 0x00007ff089012800 Exception <a 'java/lang/ArrayIndexOutOfBoundsException': 132> (0x000000064ea77178) thrown at [/jenkins/workspace/8-2-build-macosx-x86_64/jdk8u251/737/hotspot/src/share/vm/interpreter/interpreterRuntime.cpp, line 368]
Event: 18.591 Thread 0x00007ff089012800 Exception <a 'java/lang/ArrayIndexOutOfBoundsException': 132> (0x000000064eb08a10) thrown at [/jenkins/workspace/8-2-build-macosx-x86_64/jdk8u251/737/hotspot/src/share/vm/interpreter/interpreterRuntime.cpp, line 368]
Event: 18.592 Thread 0x00007ff089012800 Exception <a 'java/lang/ArrayIndexOutOfBoundsException': 132> (0x000000064eb83850) thrown at [/jenkins/workspace/8-2-build-macosx-x86_64/jdk8u251/737/hotspot/src/share/vm/interpreter/interpreterRuntime.cpp, line 368]
Event: 18.613 Thread 0x00007ff089012800 Implicit null exception at 0x000000010c31d56f to 0x000000010c31d67d
Event: 18.675 Thread 0x00007ff089012800 Exception <a 'java/lang/ArrayIndexOutOfBoundsException': 132> (0x000000064ef4c868) thrown at [/jenkins/workspace/8-2-build-macosx-x86_64/jdk8u251/737/hotspot/src/share/vm/interpreter/interpreterRuntime.cpp, line 368]
Event: 19.198 Thread 0x00007ff089012800 Implicit null exception at 0x000000010c207e95 to 0x000000010c2082ed
Event: 19.564 Thread 0x00007ff089012800 Implicit null exception at 0x000000010bb383f9 to 0x000000010bb3885d

Events (10 events):
Event: 20.344 loading class org/lwjgl/opengl/ContextImplementation
Event: 20.344 loading class org/lwjgl/opengl/ContextImplementation done
Event: 20.344 loading class org/lwjgl/opengl/MacOSXContextImplementation
Event: 20.344 loading class org/lwjgl/opengl/MacOSXContextImplementation done
Event: 20.345 loading class org/lwjgl/opengl/GLContext
Event: 20.345 loading class org/lwjgl/opengl/GLContext done
Event: 20.345 loading class org/lwjgl/opengl/GLContext$CapabilitiesCacheEntry
Event: 20.345 loading class org/lwjgl/opengl/GLContext$CapabilitiesCacheEntry done
Event: 20.388 loading class org/lwjgl/opengl/ContextCapabilities
Event: 20.388 loading class org/lwjgl/opengl/ContextCapabilities done


Dynamic libraries:
0x00007ff82f830000 	/System/Library/Frameworks/Cocoa.framework/Versions/A/Cocoa
0x00007ff81a38b000 	/System/Library/Frameworks/AppKit.framework/Versions/C/AppKit
0x00007ff81d042000 	/System/Library/Frameworks/CoreData.framework/Versions/A/CoreData
0x00007ff818078000 	/System/Library/Frameworks/Foundation.framework/Versions/C/Foundation
0x00007ff8233ee000 	/usr/lib/libSystem.B.dylib
0x00007ff81b393000 	/System/Library/PrivateFrameworks/UIFoundation.framework/Versions/A/UIFoundation
0x00007ffb17396000 	/System/Library/PrivateFrameworks/CollectionViewCore.framework/Versions/A/CollectionViewCore
0x00007ff82982f000 	/System/Library/PrivateFrameworks/RemoteViewServices.framework/Versions/A/RemoteViewServices
0x00007ff8214a8000 	/System/Library/PrivateFrameworks/XCTTargetBootstrap.framework/Versions/A/XCTTargetBootstrap
0x00007ff82531b000 	/System/Library/PrivateFrameworks/InternationalSupport.framework/Versions/A/InternationalSupport
0x00007ff8253a4000 	/System/Library/PrivateFrameworks/UserActivity.framework/Versions/A/UserActivity
0x00007ffb2d5fc000 	/System/Library/PrivateFrameworks/WindowManagement.framework/Versions/A/WindowManagement
0x00007ff817d64000 	/System/Library/Frameworks/SystemConfiguration.framework/Versions/A/SystemConfiguration
0x00007ff824719000 	/usr/lib/libspindump.dylib
0x00007ff81b561000 	/System/Library/Frameworks/UniformTypeIdentifiers.framework/Versions/A/UniformTypeIdentifiers
0x00007ff81f988000 	/usr/lib/libapp_launch_measurement.dylib
0x00007ff81e5fd000 	/System/Library/PrivateFrameworks/CoreAnalytics.framework/Versions/A/CoreAnalytics
0x00007ff81f98b000 	/System/Library/PrivateFrameworks/CoreAutoLayout.framework/Versions/A/CoreAutoLayout
0x00007ff820d1c000 	/System/Library/Frameworks/Metal.framework/Versions/A/Metal
0x00007ff821c6e000 	/usr/lib/liblangid.dylib
0x00007ff8214ad000 	/System/Library/PrivateFrameworks/CoreSVG.framework/Versions/A/CoreSVG
0x00007ff81be98000 	/System/Library/PrivateFrameworks/SkyLight.framework/Versions/A/SkyLight
0x00007ff81c282000 	/System/Library/Frameworks/CoreGraphics.framework/Versions/A/CoreGraphics
0x00007ff829f01000 	/System/Library/Frameworks/Accelerate.framework/Versions/A/Accelerate
0x00007ff82418e000 	/System/Library/PrivateFrameworks/IconServices.framework/Versions/A/IconServices
0x00007ff820cff000 	/System/Library/Frameworks/IOSurface.framework/Versions/A/IOSurface
0x00007ff81e627000 	/usr/lib/libDiagnosticMessagesClient.dylib
0x00007ff823304000 	/usr/lib/libz.1.dylib
0x00007ff82d449000 	/System/Library/Frameworks/ApplicationServices.framework/Versions/A/ApplicationServices
0x00007ff821494000 	/System/Library/PrivateFrameworks/DFRFoundation.framework/Versions/A/DFRFoundation
0x00007ff819c53000 	/usr/lib/libicucore.A.dylib
0x00007ff8261bd000 	/System/Library/Frameworks/AudioToolbox.framework/Versions/A/AudioToolbox
0x00007ff825326000 	/System/Library/PrivateFrameworks/DataDetectorsCore.framework/Versions/A/DataDetectorsCore
0x00007ff91eb02000 	/System/Library/PrivateFrameworks/TextInput.framework/Versions/A/TextInput
0x00007ff81be0d000 	/usr/lib/libMobileGestalt.dylib
0x00007ff82119c000 	/System/Library/Frameworks/Carbon.framework/Versions/A/Frameworks/HIToolbox.framework/Versions/A/HIToolbox
0x00007ff81f32a000 	/System/Library/Frameworks/QuartzCore.framework/Versions/A/QuartzCore
0x00007ff8198d2000 	/System/Library/Frameworks/Security.framework/Versions/A/Security
0x00007ff829867000 	/System/Library/Frameworks/Carbon.framework/Versions/A/Frameworks/SpeechRecognition.framework/Versions/A/SpeechRecognition
0x00007ff81f6c8000 	/System/Library/PrivateFrameworks/CoreUI.framework/Versions/A/CoreUI
0x00007ff8191b4000 	/System/Library/Frameworks/CoreAudio.framework/Versions/A/CoreAudio
0x00007ff81e701000 	/System/Library/Frameworks/DiskArbitration.framework/Versions/A/DiskArbitration
0x00007ff824b36000 	/System/Library/PrivateFrameworks/MultitouchSupport.framework/Versions/A/MultitouchSupport
0x00007ff81be0c000 	/usr/lib/libenergytrace.dylib
0x00007ff81a26d000 	/System/Library/Frameworks/IOKit.framework/Versions/A/IOKit
0x00007ff829c60000 	/System/Library/Frameworks/CoreServices.framework/Versions/A/CoreServices
0x00007ff81f920000 	/System/Library/PrivateFrameworks/PerformanceAnalysis.framework/Versions/A/PerformanceAnalysis
0x00007ffa2d348000 	/System/Library/Frameworks/OpenGL.framework/Versions/A/OpenGL
0x00007ff81f9d3000 	/usr/lib/libxml2.2.dylib
0x00007ff82287a000 	/System/Library/PrivateFrameworks/MobileKeyBag.framework/Versions/A/MobileKeyBag
0x00007ff816ef4000 	/usr/lib/libobjc.A.dylib
0x00007ff8171ba000 	/usr/lib/libc++.1.dylib
0x00007ff81caa4000 	/System/Library/Frameworks/ColorSync.framework/Versions/A/ColorSync
0x00007ff8172c5000 	/System/Library/Frameworks/CoreFoundation.framework/Versions/A/CoreFoundation
0x00007ff82184b000 	/System/Library/Frameworks/CoreImage.framework/Versions/A/CoreImage
0x00007ff818fc5000 	/System/Library/Frameworks/CoreText.framework/Versions/A/CoreText
0x00007ff8214e8000 	/System/Library/Frameworks/ImageIO.framework/Versions/A/ImageIO
0x00007ff8233f4000 	/System/Library/PrivateFrameworks/SoftLinking.framework/Versions/A/SoftLinking
0x00007ff823674000 	/usr/lib/libcompression.dylib
0x00007ff82524d000 	/System/Library/PrivateFrameworks/TextureIO.framework/Versions/A/TextureIO
0x00007ff823dbe000 	/usr/lib/libate.dylib
0x00007ff8233e9000 	/usr/lib/system/libcache.dylib
0x00007ff8233a4000 	/usr/lib/system/libcommonCrypto.dylib
0x00007ff8233cd000 	/usr/lib/system/libcompiler_rt.dylib
0x00007ff8233c3000 	/usr/lib/system/libcopyfile.dylib
0x00007ff817023000 	/usr/lib/system/libcorecrypto.dylib
0x00007ff8170e7000 	/usr/lib/system/libdispatch.dylib
0x00007ff81726f000 	/usr/lib/system/libdyld.dylib
0x00007ff8233df000 	/usr/lib/system/libkeymgr.dylib
0x00007ff823383000 	/usr/lib/system/libmacho.dylib
0x00007ff822967000 	/usr/lib/system/libquarantine.dylib
0x00007ff8233dd000 	/usr/lib/system/libremovefile.dylib
0x00007ff81be66000 	/usr/lib/system/libsystem_asl.dylib
0x00007ff816fc5000 	/usr/lib/system/libsystem_blocks.dylib
0x00007ff817131000 	/usr/lib/system/libsystem_c.dylib
0x00007ff8233d5000 	/usr/lib/system/libsystem_collections.dylib
0x00007ff821c5f000 	/usr/lib/system/libsystem_configuration.dylib
0x00007ff820cd0000 	/usr/lib/system/libsystem_containermanager.dylib
0x00007ff823045000 	/usr/lib/system/libsystem_coreservices.dylib
0x00007ff819ee7000 	/usr/lib/system/libsystem_darwin.dylib
0x00007ff8233e0000 	/usr/lib/system/libsystem_dnssd.dylib
0x00007ff81712e000 	/usr/lib/system/libsystem_featureflags.dylib
0x00007ff81729a000 	/usr/lib/system/libsystem_info.dylib
0x00007ff823317000 	/usr/lib/system/libsystem_m.dylib
0x00007ff8170ba000 	/usr/lib/system/libsystem_malloc.dylib
0x00007ff81bdf5000 	/usr/lib/system/libsystem_networkextension.dylib
0x00007ff81a32c000 	/usr/lib/system/libsystem_notify.dylib
0x00007ff821c63000 	/usr/lib/system/libsystem_sandbox.dylib
0x00007ff8233da000 	/usr/lib/system/libsystem_secinit.dylib
0x00007ff817229000 	/usr/lib/system/libsystem_kernel.dylib
0x00007ff817290000 	/usr/lib/system/libsystem_platform.dylib
0x00007ff817263000 	/usr/lib/system/libsystem_pthread.dylib
0x00007ff81d8b6000 	/usr/lib/system/libsystem_symptoms.dylib
0x00007ff817009000 	/usr/lib/system/libsystem_trace.dylib
0x00007ff8233b0000 	/usr/lib/system/libunwind.dylib
0x00007ff816fc9000 	/usr/lib/system/libxpc.dylib
0x00007ff817213000 	/usr/lib/libc++abi.dylib
0x00007ff8233bb000 	/usr/lib/liboah.dylib
0x00007ff823b4f000 	/usr/lib/liblzma.5.dylib
0x00007ff8233f0000 	/usr/lib/libfakelink.dylib
0x00007ff81ba4f000 	/System/Library/Frameworks/CFNetwork.framework/Versions/A/CFNetwork
0x00007ff82352d000 	/usr/lib/libarchive.2.dylib
0x00007ff827b08000 	/System/Library/Frameworks/Combine.framework/Versions/A/Combine
0x00007ff825c35000 	/usr/lib/swift/libswiftCore.dylib
0x00007ff91bb4e000 	/usr/lib/swift/libswiftCoreFoundation.dylib
0x00007ff919b27000 	/usr/lib/swift/libswiftDarwin.dylib
0x00007ff82b47d000 	/usr/lib/swift/libswiftDispatch.dylib
0x00007ff91bb6a000 	/usr/lib/swift/libswiftIOKit.dylib
0x00007ff82d87e000 	/usr/lib/swift/libswiftObjectiveC.dylib
0x00007ff91bb5f000 	/usr/lib/swift/libswiftXPC.dylib
0x00007ffb33ed1000 	/usr/lib/swift/libswift_Concurrency.dylib
0x00007ffb34010000 	/usr/lib/swift/libswift_StringProcessing.dylib
0x00007ff82d882000 	/usr/lib/swift/libswiftos.dylib
0x00007ff81a1ee000 	/System/Library/PrivateFrameworks/CoreServicesInternal.framework/Versions/A/CoreServicesInternal
0x00007ff82298e000 	/usr/lib/libbsm.0.dylib
0x00007ff823388000 	/usr/lib/system/libkxld.dylib
0x00007ff81f954000 	/System/Library/Frameworks/CoreServices.framework/Versions/A/Frameworks/FSEvents.framework/Versions/A/FSEvents
0x00007ff819ef2000 	/System/Library/Frameworks/CoreServices.framework/Versions/A/Frameworks/CarbonCore.framework/Versions/A/CarbonCore
0x00007ff81e66a000 	/System/Library/Frameworks/CoreServices.framework/Versions/A/Frameworks/Metadata.framework/Versions/A/Metadata
0x00007ff82304b000 	/System/Library/Frameworks/CoreServices.framework/Versions/A/Frameworks/OSServices.framework/Versions/A/OSServices
0x00007ff8235b5000 	/System/Library/Frameworks/CoreServices.framework/Versions/A/Frameworks/SearchKit.framework/Versions/A/SearchKit
0x00007ff81d83d000 	/System/Library/Frameworks/CoreServices.framework/Versions/A/Frameworks/AE.framework/Versions/A/AE
0x00007ff81775d000 	/System/Library/Frameworks/CoreServices.framework/Versions/A/Frameworks/LaunchServices.framework/Versions/A/LaunchServices
0x00007ff823b00000 	/System/Library/Frameworks/CoreServices.framework/Versions/A/Frameworks/DictionaryServices.framework/Versions/A/DictionaryServices
0x00007ff81f961000 	/System/Library/Frameworks/CoreServices.framework/Versions/A/Frameworks/SharedFileList.framework/Versions/A/SharedFileList
0x00007ff823641000 	/usr/lib/libapple_nghttp2.dylib
0x00007ff81ba4b000 	/usr/lib/libnetwork.dylib
0x00007ff81d4bb000 	/usr/lib/libsqlite3.dylib
0x00007ff81d8be000 	/System/Library/Frameworks/Network.framework/Versions/A/Network
0x00007ffb32ec0000 	/usr/lib/libCoreEntitlements.dylib
0x00007ffb20851000 	/System/Library/PrivateFrameworks/MessageSecurity.framework/Versions/A/MessageSecurity
0x00007ff81d4a2000 	/System/Library/PrivateFrameworks/ProtocolBuffer.framework/Versions/A/ProtocolBuffer
0x00007ff823025000 	/System/Library/PrivateFrameworks/AppleFSCompression.framework/Versions/A/AppleFSCompression
0x00007ff822976000 	/usr/lib/libcoretls.dylib
0x00007ff823b69000 	/usr/lib/libcoretls_cfhelpers.dylib
0x00007ff82366e000 	/usr/lib/libpam.2.dylib
0x00007ff823bd6000 	/usr/lib/libxar.1.dylib
0x00007ff82416a000 	/usr/lib/libheimdal-asn1.dylib
0x00007ff8233f5000 	/usr/lib/libpcap.A.dylib
0x00007ff81d8ad000 	/usr/lib/libdns_services.dylib
0x00007ff821c6a000 	/System/Library/PrivateFrameworks/AppleSystemInfo.framework/Versions/A/AppleSystemInfo
0x00007ff822683000 	/System/Library/PrivateFrameworks/IOMobileFramebuffer.framework/Versions/A/IOMobileFramebuffer
0x00007ff823035000 	/usr/lib/libbz2.1.0.dylib
0x00007ff82296a000 	/usr/lib/libCheckFix.dylib
0x00007ff81be7d000 	/System/Library/PrivateFrameworks/TCC.framework/Versions/A/TCC
0x00007ff821c70000 	/System/Library/PrivateFrameworks/CoreNLP.framework/Versions/A/CoreNLP
0x00007ff81e629000 	/System/Library/PrivateFrameworks/MetadataUtilities.framework/Versions/A/MetadataUtilities
0x00007ff82299e000 	/usr/lib/libmecab.dylib
0x00007ff817de3000 	/usr/lib/libCRFSuite.dylib
0x00007ff8229f8000 	/usr/lib/libgermantok.dylib
0x00007ff82361c000 	/usr/lib/libThaiTokenizer.dylib
0x00007ff81e709000 	/System/Library/Frameworks/Accelerate.framework/Versions/A/Frameworks/vImage.framework/Versions/A/vImage
0x00007ff829c33000 	/System/Library/Frameworks/Accelerate.framework/Versions/A/Frameworks/vecLib.framework/Versions/A/vecLib
0x00007ff823c18000 	/System/Library/Frameworks/Accelerate.framework/Versions/A/Frameworks/vecLib.framework/Versions/A/libvMisc.dylib
0x00007ff82247e000 	/System/Library/Frameworks/Accelerate.framework/Versions/A/Frameworks/vecLib.framework/Versions/A/libvDSP.dylib
0x00007ff817b19000 	/System/Library/Frameworks/Accelerate.framework/Versions/A/Frameworks/vecLib.framework/Versions/A/libBLAS.dylib
0x00007ff823753000 	/System/Library/Frameworks/Accelerate.framework/Versions/A/Frameworks/vecLib.framework/Versions/A/libLAPACK.dylib
0x00007ff8229fb000 	/System/Library/Frameworks/Accelerate.framework/Versions/A/Frameworks/vecLib.framework/Versions/A/libLinearAlgebra.dylib
0x00007ff823659000 	/System/Library/Frameworks/Accelerate.framework/Versions/A/Frameworks/vecLib.framework/Versions/A/libSparseBLAS.dylib
0x00007ff82374d000 	/System/Library/Frameworks/Accelerate.framework/Versions/A/Frameworks/vecLib.framework/Versions/A/libQuadrature.dylib
0x00007ff821d5c000 	/System/Library/Frameworks/Accelerate.framework/Versions/A/Frameworks/vecLib.framework/Versions/A/libBNNS.dylib
0x00007ff817ced000 	/System/Library/Frameworks/Accelerate.framework/Versions/A/Frameworks/vecLib.framework/Versions/A/libSparse.dylib
0x00007ffb1fb50000 	/System/Library/PrivateFrameworks/MIL.framework/Versions/A/MIL
0x00007ff82342a000 	/usr/lib/libiconv.2.dylib
0x00007ff823382000 	/usr/lib/libcharset.1.dylib
0x00007ff81f938000 	/System/Library/Frameworks/OpenDirectory.framework/Versions/A/Frameworks/CFOpenDirectory.framework/Versions/A/CFOpenDirectory
0x00007ff81f92c000 	/System/Library/Frameworks/OpenDirectory.framework/Versions/A/OpenDirectory
0x00007ff823b6b000 	/System/Library/PrivateFrameworks/APFS.framework/Versions/A/APFS
0x00007ff8228ad000 	/System/Library/Frameworks/SecurityFoundation.framework/Versions/A/SecurityFoundation
0x00007ff823be4000 	/usr/lib/libutil.dylib
0x00007ffb1ecee000 	/System/Library/PrivateFrameworks/InstalledContentLibrary.framework/Versions/A/InstalledContentLibrary
0x00007ff81a231000 	/System/Library/PrivateFrameworks/CoreServicesStore.framework/Versions/A/CoreServicesStore
0x00007ffa35f33000 	/System/Library/PrivateFrameworks/AppleMobileFileIntegrity.framework/Versions/A/AppleMobileFileIntegrity
0x00007ff91bb2e000 	/usr/lib/libmis.dylib
0x00007ff92a11f000 	/System/Library/PrivateFrameworks/MobileSystemServices.framework/Versions/A/MobileSystemServices
0x00007ffa24254000 	/System/Library/PrivateFrameworks/ConfigProfileHelper.framework/Versions/A/ConfigProfileHelper
0x00007ff82361e000 	/System/Library/PrivateFrameworks/AppleSauce.framework/Versions/A/AppleSauce
0x00007ff818a8a000 	/System/Library/PrivateFrameworks/LanguageModeling.framework/Versions/A/LanguageModeling
0x00007ff823be8000 	/usr/lib/libxslt.1.dylib
0x00007ff82351c000 	/usr/lib/libcmph.dylib
0x00007ff822671000 	/System/Library/PrivateFrameworks/CoreEmoji.framework/Versions/A/CoreEmoji
0x00007ff821d56000 	/System/Library/PrivateFrameworks/LinguisticData.framework/Versions/A/LinguisticData
0x00007ff817ca3000 	/System/Library/PrivateFrameworks/Lexicon.framework/Versions/A/Lexicon
0x00007ff82293b000 	/System/Library/PrivateFrameworks/BackgroundTaskManagement.framework/Versions/A/BackgroundTaskManagement
0x00007ffb32ff6000 	/usr/lib/libTLE.dylib
0x00007ffb33f55000 	/usr/lib/swift/libswift_RegexParser.dylib
0x00007ff824a00000 	/System/Library/PrivateFrameworks/AppleJPEG.framework/Versions/A/AppleJPEG
0x00007ff82414f000 	/usr/lib/libexpat.1.dylib
0x00007ff8250aa000 	/System/Library/Frameworks/ImageIO.framework/Versions/A/Resources/libPng.dylib
0x00007ff8250d7000 	/System/Library/Frameworks/ImageIO.framework/Versions/A/Resources/libTIFF.dylib
0x00007ff8251c7000 	/System/Library/Frameworks/ImageIO.framework/Versions/A/Resources/libGIF.dylib
0x00007ff824a4b000 	/System/Library/Frameworks/ImageIO.framework/Versions/A/Resources/libJP2.dylib
0x00007ff825167000 	/System/Library/Frameworks/ImageIO.framework/Versions/A/Resources/libJPEG.dylib
0x00007ff82515e000 	/System/Library/Frameworks/ImageIO.framework/Versions/A/Resources/libRadiance.dylib
0x00007ff821032000 	/System/Library/PrivateFrameworks/FontServices.framework/libFontParser.dylib
0x00007ff81d7e2000 	/System/Library/PrivateFrameworks/RunningBoardServices.framework/Versions/A/RunningBoardServices
0x00007ff82fe6d000 	/System/Library/PrivateFrameworks/IOSurfaceAccelerator.framework/Versions/A/IOSurfaceAccelerator
0x00007ff824b32000 	/System/Library/PrivateFrameworks/WatchdogClient.framework/Versions/A/WatchdogClient
0x00007ff818bec000 	/System/Library/Frameworks/CoreDisplay.framework/Versions/A/CoreDisplay
0x00007ff820f21000 	/System/Library/Frameworks/CoreMedia.framework/Versions/A/CoreMedia
0x00007ff820d13000 	/System/Library/PrivateFrameworks/IOAccelerator.framework/Versions/A/IOAccelerator
0x00007ff81fab2000 	/System/Library/Frameworks/CoreVideo.framework/Versions/A/CoreVideo
0x00007ff82366c000 	/System/Library/Frameworks/MetalPerformanceShaders.framework/Versions/A/MetalPerformanceShaders
0x00007ff824b6f000 	/System/Library/Frameworks/VideoToolbox.framework/Versions/A/VideoToolbox
0x00007ff81d726000 	/System/Library/PrivateFrameworks/BaseBoard.framework/Versions/A/BaseBoard
0x00007ff825157000 	/System/Library/PrivateFrameworks/GPUWrangler.framework/Versions/A/GPUWrangler
0x00007ff82513b000 	/System/Library/PrivateFrameworks/IOPresentment.framework/Versions/A/IOPresentment
0x00007ff825161000 	/System/Library/PrivateFrameworks/DSExternalDisplay.framework/Versions/A/DSExternalDisplay
0x00007ffb1b382000 	/System/Library/PrivateFrameworks/GPUCompiler.framework/Versions/31001/Libraries/libllvm-flatbuffers.dylib
0x00007ffa2d33c000 	/System/Library/Frameworks/OpenGL.framework/Versions/A/Libraries/libCoreFSCache.dylib
0x00007ffb1b37e000 	/System/Library/PrivateFrameworks/GPUCompiler.framework/Versions/31001/Libraries/libGPUCompilerUtils.dylib
0x00007ff8251cd000 	/System/Library/PrivateFrameworks/CMCaptureCore.framework/Versions/A/CMCaptureCore
0x00007ffa30533000 	/System/Library/Frameworks/ExtensionFoundation.framework/Versions/A/ExtensionFoundation
0x00007ff82bbf9000 	/System/Library/PrivateFrameworks/CoreTime.framework/Versions/A/CoreTime
0x00007ff824703000 	/System/Library/PrivateFrameworks/AppServerSupport.framework/Versions/A/AppServerSupport
0x00007ff826a88000 	/System/Library/PrivateFrameworks/perfdata.framework/Versions/A/perfdata
0x00007ff818d18000 	/System/Library/PrivateFrameworks/AudioToolboxCore.framework/Versions/A/AudioToolboxCore
0x00007ff820efb000 	/System/Library/PrivateFrameworks/caulk.framework/Versions/A/caulk
0x00007ff826355000 	/usr/lib/libAudioStatistics.dylib
0x00007ff91afca000 	/System/Library/PrivateFrameworks/SystemPolicy.framework/Versions/A/SystemPolicy
0x00007ff8265f3000 	/usr/lib/libSMC.dylib
0x00007ff82f6d5000 	/System/Library/Frameworks/CoreMIDI.framework/Versions/A/CoreMIDI
0x00007ff825078000 	/usr/lib/libAudioToolboxUtility.dylib
0x00007ff834bf8000 	/System/Library/PrivateFrameworks/OSAServicesClient.framework/Versions/A/OSAServicesClient
0x00007ff826a95000 	/usr/lib/libperfcheck.dylib
0x00007ff824033000 	/System/Library/PrivateFrameworks/PlugInKit.framework/Versions/A/PlugInKit
0x00007ff8228a0000 	/System/Library/PrivateFrameworks/AssertionServices.framework/Versions/A/AssertionServices
0x00007ffa2d397000 	/System/Library/Frameworks/OpenGL.framework/Versions/A/Libraries/libGLU.dylib
0x00007ffa2d35b000 	/System/Library/Frameworks/OpenGL.framework/Versions/A/Libraries/libGFXShared.dylib
0x00007ffa2d564000 	/System/Library/Frameworks/OpenGL.framework/Versions/A/Libraries/libGL.dylib
0x00007ffa2d364000 	/System/Library/Frameworks/OpenGL.framework/Versions/A/Libraries/libGLImage.dylib
0x00007ffa2d358000 	/System/Library/Frameworks/OpenGL.framework/Versions/A/Libraries/libCVMSPluginSupport.dylib
0x00007ffb32fd5000 	/usr/lib/libRosetta.dylib
0x00007ffa2d343000 	/System/Library/Frameworks/OpenGL.framework/Versions/A/Libraries/libCoreVMClient.dylib
0x00007ff821be3000 	/System/Library/Frameworks/MetalPerformanceShaders.framework/Versions/A/Frameworks/MPSCore.framework/Versions/A/MPSCore
0x00007ff822f8f000 	/System/Library/Frameworks/MetalPerformanceShaders.framework/Versions/A/Frameworks/MPSImage.framework/Versions/A/MPSImage
0x00007ff822a11000 	/System/Library/Frameworks/MetalPerformanceShaders.framework/Versions/A/Frameworks/MPSNeuralNetwork.framework/Versions/A/MPSNeuralNetwork
0x00007ff822e84000 	/System/Library/Frameworks/MetalPerformanceShaders.framework/Versions/A/Frameworks/MPSMatrix.framework/Versions/A/MPSMatrix
0x00007ff822c3f000 	/System/Library/Frameworks/MetalPerformanceShaders.framework/Versions/A/Frameworks/MPSRayIntersector.framework/Versions/A/MPSRayIntersector
0x00007ff822ebe000 	/System/Library/Frameworks/MetalPerformanceShaders.framework/Versions/A/Frameworks/MPSNDArray.framework/Versions/A/MPSNDArray
0x00007ffa3189e000 	/System/Library/Frameworks/MetalPerformanceShaders.framework/Versions/A/Frameworks/MPSFunctions.framework/Versions/A/MPSFunctions
0x00007ff8179da000 	/System/Library/PrivateFrameworks/MetalTools.framework/Versions/A/MetalTools
0x00007ff821c69000 	/System/Library/PrivateFrameworks/AggregateDictionary.framework/Versions/A/AggregateDictionary
0x00007ff823eee000 	/usr/lib/libIOReport.dylib
0x00007ffa2e02b000 	/System/Library/Frameworks/OpenCL.framework/Versions/A/OpenCL
0x00007ff824295000 	/System/Library/PrivateFrameworks/GraphVisualizer.framework/Versions/A/GraphVisualizer
0x00007ffb1b283000 	/System/Library/PrivateFrameworks/FontServices.framework/Versions/A/FontServices
0x00007ff8246be000 	/System/Library/PrivateFrameworks/OTSVG.framework/Versions/A/OTSVG
0x00007ff81f67c000 	/System/Library/Frameworks/ApplicationServices.framework/Versions/A/Frameworks/ATS.framework/Versions/A/Resources/libFontRegistry.dylib
0x00007ff82470d000 	/System/Library/PrivateFrameworks/FontServices.framework/libhvf.dylib
0x00007ffb1b284000 	/System/Library/PrivateFrameworks/FontServices.framework/libXTFontStaticRegistryData.dylib
0x00007ffb2c4b5000 	/System/Library/PrivateFrameworks/VideoToolboxParavirtualizationSupport.framework/Versions/A/VideoToolboxParavirtualizationSupport
0x00007ff8240ff000 	/System/Library/PrivateFrameworks/AppleVA.framework/Versions/A/AppleVA
0x00007ff826395000 	/System/Library/Frameworks/ApplicationServices.framework/Versions/A/Frameworks/ATS.framework/Versions/A/ATS
0x00007ff81cb94000 	/System/Library/Frameworks/ApplicationServices.framework/Versions/A/Frameworks/HIServices.framework/Versions/A/HIServices
0x00007ff8251d9000 	/System/Library/Frameworks/ApplicationServices.framework/Versions/A/Frameworks/PrintCore.framework/Versions/A/PrintCore
0x00007ff826748000 	/System/Library/Frameworks/ApplicationServices.framework/Versions/A/Frameworks/QD.framework/Versions/A/QD
0x00007ff826740000 	/System/Library/Frameworks/ApplicationServices.framework/Versions/A/Frameworks/ColorSyncLegacy.framework/Versions/A/ColorSyncLegacy
0x00007ff826369000 	/System/Library/Frameworks/ApplicationServices.framework/Versions/A/Frameworks/SpeechSynthesis.framework/Versions/A/SpeechSynthesis
0x00007ff825197000 	/System/Library/Frameworks/ApplicationServices.framework/Versions/A/Frameworks/ATSUI.framework/Versions/A/ATSUI
0x00007ff8266d3000 	/usr/lib/libcups.2.dylib
0x00007ff826aa4000 	/System/Library/Frameworks/Kerberos.framework/Versions/A/Kerberos
0x00007ff826ab3000 	/System/Library/Frameworks/GSS.framework/Versions/A/GSS
0x00007ff826403000 	/usr/lib/libresolv.9.dylib
0x00007ff82471e000 	/System/Library/PrivateFrameworks/Heimdal.framework/Versions/A/Heimdal
0x00007ff82d801000 	/System/Library/Frameworks/Kerberos.framework/Versions/A/Libraries/libHeimdalProxy.dylib
0x00007ff826afe000 	/System/Library/PrivateFrameworks/CommonAuth.framework/Versions/A/CommonAuth
0x00007ffa2f809000 	/System/Library/Frameworks/AVFAudio.framework/Versions/A/AVFAudio
0x00007ff834c41000 	/System/Library/PrivateFrameworks/AXCoreUtilities.framework/Versions/A/AXCoreUtilities
0x00007ff8262e5000 	/System/Library/PrivateFrameworks/AudioSession.framework/Versions/A/AudioSession
0x00007ff8278df000 	/System/Library/Frameworks/IOBluetooth.framework/Versions/A/IOBluetooth
0x00007ff824205000 	/System/Library/PrivateFrameworks/MediaExperience.framework/Versions/A/MediaExperience
0x00007ff82618c000 	/System/Library/PrivateFrameworks/AudioSession.framework/libSessionUtility.dylib
0x00007ff826754000 	/System/Library/PrivateFrameworks/AudioResourceArbitration.framework/Versions/A/AudioResourceArbitration
0x00007ff82a838000 	/System/Library/PrivateFrameworks/PowerLog.framework/Versions/A/PowerLog
0x00007ff82a77a000 	/System/Library/Frameworks/CoreBluetooth.framework/Versions/A/CoreBluetooth
0x00007ff82d802000 	/System/Library/Frameworks/AudioUnit.framework/Versions/A/AudioUnit
0x00007ff82270a000 	/System/Library/PrivateFrameworks/CoreUtils.framework/Versions/A/CoreUtils
0x00007ffb19e34000 	/System/Library/PrivateFrameworks/CoreUtilsExtras.framework/Versions/A/CoreUtilsExtras
0x00007ffb1eb85000 	/System/Library/PrivateFrameworks/IO80211.framework/Versions/A/IO80211
0x00007ff824173000 	/System/Library/PrivateFrameworks/IconFoundation.framework/Versions/A/IconFoundation
0x00007ff829857000 	/System/Library/PrivateFrameworks/SpeechRecognitionCore.framework/Versions/A/SpeechRecognitionCore
0x00000001099cc000 	/Library/Java/JavaVirtualMachines/jdk1.8.0_251.jdk/Contents/Home/jre/lib/server/libjvm.dylib
0x00007ff91ba3a000 	/usr/lib/libstdc++.6.dylib
0x0000000108a5d000 	/Library/Java/JavaVirtualMachines/jdk1.8.0_251.jdk/Contents/Home/jre/lib/libverify.dylib
0x0000000108ab2000 	/Library/Java/JavaVirtualMachines/jdk1.8.0_251.jdk/Contents/Home/jre/lib/libjava.dylib
0x0000000108a8d000 	/Library/Java/JavaVirtualMachines/jdk1.8.0_251.jdk/Contents/Home/jre/lib/libzip.dylib
0x000000012df57000 	/Library/Java/JavaVirtualMachines/jdk1.8.0_251.jdk/Contents/Home/jre/lib/libmanagement.dylib
0x000000012e28b000 	/Library/Java/JavaVirtualMachines/jdk1.8.0_251.jdk/Contents/Home/jre/lib/libnet.dylib
0x000000012e5c5000 	/Library/Java/JavaVirtualMachines/jdk1.8.0_251.jdk/Contents/Home/jre/lib/libnio.dylib
0x000000012ecff000 	/Library/Java/JavaVirtualMachines/jdk1.8.0_251.jdk/Contents/Home/jre/lib/libsunec.dylib
0x000000012f624000 	/Library/Java/JavaVirtualMachines/jdk1.8.0_251.jdk/Contents/Home/jre/lib/libunpack.dylib
0x0000000130f7f000 	/Library/Java/JavaVirtualMachines/jdk1.8.0_251.jdk/Contents/Home/jre/lib/libawt.dylib
0x000000013119d000 	/Library/Java/JavaVirtualMachines/jdk1.8.0_251.jdk/Contents/Home/jre/lib/libmlib_image.dylib
0x00007ffa30adf000 	/System/Library/Frameworks/JavaNativeFoundation.framework/Versions/A/JavaNativeFoundation
0x00007ffa30aeb000 	/System/Library/Frameworks/JavaRuntimeSupport.framework/Versions/A/JavaRuntimeSupport
0x00007ff91a9e1000 	/System/Library/Frameworks/Carbon.framework/Versions/A/Carbon
0x00007ff82bb28000 	/System/Library/PrivateFrameworks/CoreSymbolication.framework/Versions/A/CoreSymbolication
0x00007ff831385000 	/System/Library/Frameworks/Carbon.framework/Versions/A/Frameworks/CommonPanels.framework/Versions/A/CommonPanels
0x00007ff82d177000 	/System/Library/Frameworks/Carbon.framework/Versions/A/Frameworks/Help.framework/Versions/A/Help
0x00007ff831389000 	/System/Library/Frameworks/Carbon.framework/Versions/A/Frameworks/ImageCapture.framework/Versions/A/ImageCapture
0x00007ff831359000 	/System/Library/Frameworks/Carbon.framework/Versions/A/Frameworks/OpenScripting.framework/Versions/A/OpenScripting
0x00007ff831381000 	/System/Library/Frameworks/Carbon.framework/Versions/A/Frameworks/Ink.framework/Versions/A/Ink
0x00007ff91a9dd000 	/System/Library/Frameworks/Carbon.framework/Versions/A/Frameworks/Print.framework/Versions/A/Print
0x00007ff83137d000 	/System/Library/Frameworks/Carbon.framework/Versions/A/Frameworks/SecurityHI.framework/Versions/A/SecurityHI
0x00007ff82baed000 	/System/Library/PrivateFrameworks/DebugSymbols.framework/Versions/A/DebugSymbols
0x0000000131325000 	/Library/Java/JavaVirtualMachines/jdk1.8.0_251.jdk/Contents/Home/jre/lib/libawt_lwawt.dylib
0x000000013032d000 	/Library/Java/JavaVirtualMachines/jdk1.8.0_251.jdk/Contents/Home/jre/lib/libosxapp.dylib
0x00007ff919b95000 	/System/Library/Frameworks/ExceptionHandling.framework/Versions/A/ExceptionHandling
0x00007ff82ae2a000 	/System/Library/Frameworks/FileProvider.framework/Versions/A/FileProvider
0x00007ff81d691000 	/System/Library/Frameworks/Accounts.framework/Versions/A/Accounts
0x00007ff81fb41000 	/System/Library/PrivateFrameworks/UserManagement.framework/Versions/A/UserManagement
0x00007ff82afb5000 	/System/Library/PrivateFrameworks/GenerationalStorage.framework/Versions/A/GenerationalStorage
0x00007ff82a82d000 	/System/Library/PrivateFrameworks/SymptomDiagnosticReporter.framework/Versions/A/SymptomDiagnosticReporter
0x00007ff81b577000 	/System/Library/PrivateFrameworks/DesktopServicesPriv.framework/Versions/A/DesktopServicesPriv
0x00007ff81a33b000 	/usr/lib/libsandbox.1.dylib
0x00007ff826735000 	/System/Library/PrivateFrameworks/NetAuth.framework/Versions/A/NetAuth
0x00007ff827762000 	/System/Library/PrivateFrameworks/Sharing.framework/Versions/A/Sharing
0x00007ff81fb07000 	/System/Library/PrivateFrameworks/login.framework/Versions/A/Frameworks/loginsupport.framework/Versions/A/loginsupport
0x00007ff82cd26000 	/System/Library/PrivateFrameworks/Apple80211.framework/Versions/A/Apple80211
0x00007ff823078000 	/System/Library/PrivateFrameworks/AuthKit.framework/Versions/A/AuthKit
0x00007ff822690000 	/System/Library/Frameworks/CoreWLAN.framework/Versions/A/CoreWLAN
0x00007ff82cd2a000 	/System/Library/PrivateFrameworks/CoreWiFi.framework/Versions/A/CoreWiFi
0x00007ffa1e248000 	/System/Library/PrivateFrameworks/WiFiPeerToPeer.framework/Versions/A/WiFiPeerToPeer
0x00007ff82b698000 	/System/Library/PrivateFrameworks/FrontBoardServices.framework/Versions/A/FrontBoardServices
0x00007ff82b730000 	/System/Library/PrivateFrameworks/BoardServices.framework/Versions/A/BoardServices
0x00007ff82ce89000 	/System/Library/PrivateFrameworks/BackBoardServices.framework/Versions/A/BackBoardServices
0x00007ff8231e6000 	/System/Library/Frameworks/UserNotifications.framework/Versions/A/UserNotifications
0x00007ff826bf3000 	/System/Library/PrivateFrameworks/CorePhoneNumbers.framework/Versions/A/CorePhoneNumbers
0x00007ff826430000 	/System/Library/PrivateFrameworks/MultiverseSupport.framework/Versions/A/MultiverseSupport
0x00007ff82d104000 	/System/Library/PrivateFrameworks/RemoteServiceDiscovery.framework/Versions/A/RemoteServiceDiscovery
0x00007ff82a94b000 	/System/Library/PrivateFrameworks/DiskManagement.framework/Versions/A/DiskManagement
0x00007ff82a85f000 	/System/Library/PrivateFrameworks/AppleIDAuthSupport.framework/Versions/A/AppleIDAuthSupport
0x00007ffa34364000 	/System/Library/PrivateFrameworks/AAAFoundation.framework/Versions/A/AAAFoundation
0x00007ff826bcc000 	/System/Library/PrivateFrameworks/KeychainCircle.framework/Versions/A/KeychainCircle
0x00007ff82d114000 	/System/Library/PrivateFrameworks/RemoteXPC.framework/Versions/A/RemoteXPC
0x00007ff82a917000 	/System/Library/PrivateFrameworks/MediaKit.framework/Versions/A/MediaKit
0x00007ff82a86b000 	/System/Library/Frameworks/DiscRecording.framework/Versions/A/DiscRecording
0x00007ff824077000 	/usr/lib/libCoreStorage.dylib
0x00007ff82d17f000 	/usr/lib/libcsfde.dylib
0x00007ff8279b0000 	/System/Library/PrivateFrameworks/ProtectedCloudStorage.framework/Versions/A/ProtectedCloudStorage
0x00007ff82d17b000 	/System/Library/PrivateFrameworks/EFILogin.framework/Versions/A/EFILogin
0x00007ff82afdb000 	/System/Library/PrivateFrameworks/OctagonTrust.framework/Versions/A/OctagonTrust
0x00007ff82406f000 	/usr/lib/libMatch.1.dylib
0x00007ff92380f000 	/System/Library/CoreServices/RawCamera.bundle/Contents/MacOS/RawCamera
0x00007ff826b0e000 	/System/Library/PrivateFrameworks/MobileAsset.framework/Versions/A/MobileAsset
0x00007ff92113b000 	/System/Library/PrivateFrameworks/SoftwareUpdateCoreSupport.framework/Versions/A/SoftwareUpdateCoreSupport
0x00007ff9274c6000 	/System/Library/PrivateFrameworks/SoftwareUpdateCoreConnect.framework/Versions/A/SoftwareUpdateCoreConnect
0x00007ff82d826000 	/System/Library/PrivateFrameworks/StreamingZip.framework/Versions/A/StreamingZip
0x00007ff920dba000 	/System/Library/PrivateFrameworks/MSUDataAccessor.framework/Versions/A/MSUDataAccessor
0x00007ff91d37e000 	/usr/lib/libbootpolicy.dylib
0x00007ff92ddeb000 	/usr/lib/libpartition2_dynamic.dylib
0x00007ffa369c1000 	/System/Library/PrivateFrameworks/CMPhoto.framework/Versions/A/CMPhoto
0x00007ff82b9c1000 	/System/Library/PrivateFrameworks/AppleVPA.framework/Versions/A/AppleVPA
0x00007ff825410000 	/System/Library/Frameworks/MediaToolbox.framework/Versions/A/MediaToolbox
0x00007ff82adfa000 	/System/Library/PrivateFrameworks/CoreAVCHD.framework/Versions/A/CoreAVCHD
0x00007ff829f49000 	/System/Library/Frameworks/MediaAccessibility.framework/Versions/A/MediaAccessibility
0x00007ff82adf6000 	/System/Library/PrivateFrameworks/Mangrove.framework/Versions/A/Mangrove
0x00007ff82aa3b000 	/System/Library/PrivateFrameworks/CoreAUC.framework/Versions/A/CoreAUC
0x00007ff92079e000 	/System/Library/Frameworks/Accelerate.framework/Versions/A/Frameworks/vImage.framework/Versions/A/Libraries/libCGInterfaces.dylib
0x000000013339e000 	/usr/lib/libobjc-trampolines.dylib
0x00007ffb32d91000 	/usr/lib/libAccessibilityBaseImplementations.dylib
0x00007ff82fe75000 	/System/Library/PrivateFrameworks/FamilyControls.framework/Versions/A/FamilyControls
0x00007ff82fe99000 	/System/Library/PrivateFrameworks/CommerceKit.framework/Versions/A/Frameworks/CommerceCore.framework/Versions/A/CommerceCore
0x00007ff829f7d000 	/System/Library/PrivateFrameworks/SystemAdministration.framework/Versions/A/SystemAdministration
0x00007ff827997000 	/System/Library/PrivateFrameworks/AppContainer.framework/Versions/A/AppContainer
0x00007ff8279ac000 	/System/Library/PrivateFrameworks/SecCodeWrapper.framework/Versions/A/SecCodeWrapper
0x00007ff823ef7000 	/System/Library/PrivateFrameworks/CrashReporterSupport.framework/Versions/A/CrashReporterSupport
0x00007ff929378000 	/System/Library/PrivateFrameworks/OSAnalytics.framework/Versions/A/OSAnalytics
0x00007ff935051000 	/System/Library/PrivateFrameworks/Symbolication.framework/Versions/A/Symbolication
0x00007ff91bb00000 	/System/Library/PrivateFrameworks/MallocStackLogging.framework/Versions/A/MallocStackLogging
0x00007ff8247d5000 	/System/Library/PrivateFrameworks/login.framework/Versions/A/login
0x00007ff829823000 	/System/Library/Frameworks/DirectoryService.framework/Versions/A/DirectoryService
0x00007ff82d01c000 	/System/Library/PrivateFrameworks/DiskImages.framework/Versions/A/DiskImages
0x00007ff82295d000 	/System/Library/Frameworks/ServiceManagement.framework/Versions/A/ServiceManagement
0x00007ff82d1fc000 	/System/Library/PrivateFrameworks/LoginUIKit.framework/Versions/A/Frameworks/LoginUICore.framework/Versions/A/LoginUICore
0x00007ff824990000 	/usr/lib/libodfde.dylib
0x00007ff82d18b000 	/usr/lib/libcurl.4.dylib
0x00007ffb33471000 	/usr/lib/libcrypto.46.dylib
0x00007ffb33b10000 	/usr/lib/libssl.48.dylib
0x00007ff82ceaa000 	/System/Library/Frameworks/LDAP.framework/Versions/A/LDAP
0x00007ff82cee6000 	/System/Library/PrivateFrameworks/TrustEvaluationAgent.framework/Versions/A/TrustEvaluationAgent
0x00007ff82641c000 	/usr/lib/libsasl2.2.dylib
0x00007ff81f820000 	/System/Library/PrivateFrameworks/ViewBridge.framework/Versions/A/ViewBridge
0x0000000134c33000 	/Library/Java/JavaVirtualMachines/jdk1.8.0_251.jdk/Contents/Home/jre/lib/libfontmanager.dylib
0x0000000134f03000 	/Users/muyunxi/Desktop/desktop/Minecraft/minecraft/versions/311TC/natives-osx-x86_64/liblwjgl.dylib
0x000000012fca7000 	/Library/Java/JavaVirtualMachines/jdk1.8.0_251.jdk/Contents/Home/jre/lib/libjawt.dylib
0x00007ffa2d56f000 	/System/Library/Frameworks/OpenGL.framework/Versions/A/Resources/GLEngine.bundle/GLEngine
0x00007ffa2d3d5000 	/System/Library/Frameworks/OpenGL.framework/Versions/A/Libraries/libGLProgrammability.dylib
0x0000000135b20000 	/System/Library/Extensions/AppleMetalOpenGLRenderer.bundle/Contents/MacOS/AppleMetalOpenGLRenderer
0x00007ffa2d6f9000 	/System/Library/Frameworks/OpenGL.framework/Versions/A/Resources/GLRendererFloat.bundle/GLRendererFloat
0x00007ffa2e65d000 	/System/Library/Extensions/AGXMetal13_3.bundle/Contents/MacOS/AGXMetal13_3
0x00007ff91bb41000 	/System/Library/PrivateFrameworks/GPURawCounter.framework/Versions/A/GPURawCounter
0x00007ff833cd8000 	/System/Library/PrivateFrameworks/IOGPU.framework/Versions/A/IOGPU

VM Arguments:
jvm_args: -Xmx6144m -Dfile.encoding=UTF-8 -Dsun.stdout.encoding=UTF-8 -Dsun.stderr.encoding=UTF-8 -Djava.rmi.server.useCodebaseOnly=true -Dcom.sun.jndi.rmi.object.trustURLCodebase=false -Dcom.sun.jndi.cosnaming.object.trustURLCodebase=false -Dlog4j2.formatMsgNoLookups=true -Dlog4j.configurationFile=/Users/muyunxi/Desktop/desktop/Minecraft/minecraft/versions/311TC/log4j2.xml -Dminecraft.client.jar=/Users/muyunxi/Desktop/desktop/Minecraft/minecraft/versions/311TC/311TC.jar -Duser.home=/Users/muyunxi/Desktop/desktop/Minecraft -XX:+UnlockExperimentalVMOptions -XX:+UseG1GC -XX:G1NewSizePercent=20 -XX:G1ReservePercent=20 -XX:MaxGCPauseMillis=50 -XX:G1HeapRegionSize=32m -XX:-UseAdaptiveSizePolicy -XX:-OmitStackTraceInFastThrow -XX:-DontCompileHugeMethods -Dfml.ignoreInvalidMinecraftCertificates=true -Dfml.ignorePatchDiscrepancies=true -Djava.library.path=/Users/muyunxi/Desktop/desktop/Minecraft/minecraft/versions/311TC/natives-osx-x86_64 -Dminecraft.launcher.brand=HMCL -Dminecraft.launcher.version=3.5.4 
java_command: net.minecraft.launchwrapper.Launch --tweakClass net.minecraftforge.fml.common.launcher.FMLTweaker --tweakClass optifine.OptiFineForgeTweaker --username _Iewnfod --version 311TC --gameDir /Users/muyunxi/Desktop/desktop/Minecraft/minecraft/versions/311TC --assetsDir /Users/muyunxi/Desktop/desktop/Minecraft/minecraft/assets --assetIndex 1.12 --uuid a2ffd82f95494793b425f35d97dbb2ca --accessToken eyJraWQiOiJhYzg0YSIsImFsZyI6IkhTMjU2In0.eyJ4dWlkIjoiMjUzNTQyOTg1OTg5NzU1NCIsImFnZyI6IkFkdWx0Iiwic3ViIjoiNjE4ZGE0ZjgtZTc4NS00YjcxLTk3MGUtMDBmNjkzMDUxY2ZhIiwiYXV0aCI6IlhCT1giLCJucyI6ImRlZmF1bHQiLCJyb2xlcyI6W10sImlzcyI6ImF1dGhlbnRpY2F0aW9uIiwicGxhdGZvcm0iOiJVTktOT1dOIiwieXVpZCI6IjAyNDdjZGI3Y2E3MGU5NTJjYWYwOTk3YWFiOTA2NTA5IiwibmJmIjoxNjc5Mjg2NDcxLCJleHAiOjE2NzkzNzI4NzEsImlhdCI6MTY3OTI4NjQ3MX0.goCOpJw9iziBQ9wcME15Nn5bJ0vCfmMLjBIgjOtIsro --userType mojang --versionType Forge --width 854 --height 480
java_class_path (initial): /Users/muyunxi/Desktop/desktop/Minecraft/minecraft/libraries/net/minecraftforge/forge/1.12.2-14.23.5.2860/forge-1.12.2-14.23.5.2860.jar:/Users/muyunxi/Desktop/desktop/Minecraft/minecraft/libraries/org/ow2/asm/asm-debug-all/5.2/asm-debug-all-5.2.jar:/Users/muyunxi/Desktop/desktop/Minecraft/minecraft/libraries/net/minecraft/launchwrapper/1.12/launchwrapper-1.12.jar:/Users/muyunxi/Desktop/desktop/Minecraft/minecraft/libraries/org/jline/jline/3.5.1/jline-3.5.1.jar:/Users/muyunxi/Desktop/desktop/Minecraft/minecraft/libraries/com/typesafe/akka/akka-actor_2.11/2.3.3/akka-actor_2.11-2.3.3.jar:/Users/muyunxi/Desktop/desktop/Minecraft/minecraft/libraries/com/typesafe/config/1.2.1/config-1.2.1.jar:/Users/muyunxi/Desktop/desktop/Minecraft/minecraft/libraries/org/scala-lang/scala-actors-migration_2.11/1.1.0/scala-actors-migration_2.11-1.1.0.jar:/Users/muyunxi/Desktop/desktop/Minecraft/minecraft/libraries/org/scala-lang/scala-compiler/2.11.1/scala-compiler-2.11.1.jar:/Users/muyunxi/Desktop/desktop/Minecraft/minecraft/libraries/org/scala-lang/plugins/scala-continuations-library_2.11/1.0.2_mc/scala-continuations-library_2.11-1.0.2_mc.jar:/Users/muyunxi/Desktop/desktop/Minecraft/minecraft/libraries/org/scala-lang/plugins/scala-continuations-plugin_2.11.1/1.0.2_mc/scala-continuations-plugin_2.11.1-1.0.2_mc.jar:/Users/muyunxi/Desktop/desktop/Minecraft/minecraft/libraries/org/scala-lang/scala-library/2.11.1/scala-library-2.11.1.jar:/Users/muyunxi/Desktop/desktop/Minecraft/minecraft/libraries/org/scala-lang/scala-parser-combinators_2.11/1.0.1/scala-parser-combinators_2.11-1.0.1.jar:/Users/muyunxi/Desktop/desktop/Minecraft/minecraft/libraries/org/scala-lang/scala-reflect/2.11.1/scala-reflect-2.11.1.jar:/Users/muyunxi/Desktop/desktop/Minecraft/minecraft/libraries/org/scala-lang/scala-swing_2.11/1.0.1/scala-swing_2.11-1.0.1.jar:/Users/muyunxi/Desktop/desktop/Minecraft/minecraft/libraries/org/scala-lang/scala-xml_2.11/1.0.2/scala-xml_2.11-1.0.2.jar:/Users/muyunx
Launcher Type: SUN_STANDARD

Environment Variables:
PATH=/Users/muyunxi/.cargo/bin:/usr/bin:/bin:/usr/sbin:/sbin
SHELL=/bin/zsh
DISPLAY=/private/tmp/com.apple.launchd.tG2Zd802OO/org.xquartz:0

Signal Handlers:
SIGSEGV: [libjvm.dylib+0x5bc2ff], sa_mask[0]=11111111111111111111111111111111, sa_flags=SA_ONSTACK|SA_RESTART|SA_SIGINFO
SIGBUS: [libjvm.dylib+0x5bc2ff], sa_mask[0]=11111111111111111111111111111111, sa_flags=SA_RESTART|SA_SIGINFO
SIGFPE: [libjvm.dylib+0x48d41c], sa_mask[0]=11111111111111111111111111111111, sa_flags=SA_RESTART|SA_SIGINFO
SIGPIPE: [libjvm.dylib+0x48d41c], sa_mask[0]=11111111111111111111111111111111, sa_flags=SA_RESTART|SA_SIGINFO
SIGXFSZ: [libjvm.dylib+0x48d41c], sa_mask[0]=11111111111111111111111111111111, sa_flags=SA_RESTART|SA_SIGINFO
SIGILL: [libjvm.dylib+0x48d41c], sa_mask[0]=11111111111111111111111111111111, sa_flags=SA_RESTART|SA_SIGINFO
SIGUSR1: SIG_DFL, sa_mask[0]=00000000000000000000000000000000, sa_flags=none
SIGUSR2: [libjvm.dylib+0x48cf3a], sa_mask[0]=00100000000000000000000000000000, sa_flags=SA_RESTART|SA_SIGINFO
SIGHUP: [libjvm.dylib+0x48b4c5], sa_mask[0]=11111111111111111111111111111111, sa_flags=SA_RESTART|SA_SIGINFO
SIGINT: [libjvm.dylib+0x48b4c5], sa_mask[0]=11111111111111111111111111111111, sa_flags=SA_RESTART|SA_SIGINFO
SIGTERM: [libjvm.dylib+0x48b4c5], sa_mask[0]=11111111111111111111111111111111, sa_flags=SA_RESTART|SA_SIGINFO
SIGQUIT: [libjvm.dylib+0x48b4c5], sa_mask[0]=11111111111111111111111111111111, sa_flags=SA_RESTART|SA_SIGINFO


---------------  S Y S T E M  ---------------

OS:Bsduname:Darwin 22.2.0 Darwin Kernel Version 22.2.0: Fri Nov 11 02:04:44 PST 2022; root:xnu-8792.61.2~4/RELEASE_ARM64_T8103 x86_64
rlimit: STACK 8176k, CORE 0k, NPROC 1333, NOFILE 10240, AS infinity
load average:9.32 5.39 3.71

CPU:total 8 (initial active 8) (1 cores per cpu, 1 threads per core) family 6 model 44 stepping 0, cmov, cx8, fxsr, mmx, sse, sse2, sse3, ssse3, sse4.1, sse4.2, popcnt, aes, clmul, tsc, tscinvbit, tscinv

Memory: 4k page, physical 8388608k(21164k free)

/proc/meminfo:


vm_info: Java HotSpot(TM) 64-Bit Server VM (25.251-b08) for bsd-amd64 JRE (1.8.0_251-b08), built on Mar 12 2020 02:36:37 by "java_re" with gcc 4.2.1 (Based on Apple Inc. build 5658) (LLVM build 2336.11.00)

time: Mon Mar 20 12:28:17 2023
timezone: CST
elapsed time: 20 seconds (0d 0h 0m 20s)

